TN:
SF:C:\Users\justaway\Desktop\hw4_1\frontend\src\actions.js
FN:0,_interopRequireDefault
FN:7,updateError
FN:8,updateSuccess
FN:9,goToProfile
FN:10,goToMain
FN:11,goToIndex
FN:15,resource
FN:24,(anonymous_8)
FNF:8
FNH:8
FNDA:2,_interopRequireDefault
FNDA:2,updateError
FNDA:2,updateSuccess
FNDA:1,goToProfile
FNDA:1,goToMain
FNDA:1,goToIndex
FNDA:11,resource
FNDA:4,(anonymous_8)
DA:0,2
DA:1,1
DA:2,1
DA:4,1
DA:7,2
DA:8,2
DA:9,1
DA:10,1
DA:11,1
DA:15,11
DA:16,11
DA:17,11
DA:18,11
DA:19,4
DA:23,11
DA:25,4
DA:26,0
DA:27,0
DA:29,4
DA:30,4
DA:31,4
DA:33,0
DA:38,0
DA:39,0
LF:24
LH:19
BRDA:0,1,0,0
BRDA:0,1,1,2
BRDA:0,2,0,2
BRDA:0,2,1,2
BRDA:15,3,0,1
BRDA:15,3,1,10
BRDA:15,4,0,11
BRDA:15,4,1,1
BRDA:17,5,0,10
BRDA:17,5,1,1
BRDA:18,6,0,4
BRDA:18,6,1,7
BRDA:19,7,0,3
BRDA:19,7,1,1
BRDA:25,8,0,0
BRDA:25,8,1,4
BRDA:29,9,0,4
BRDA:29,9,1,0
BRDA:30,10,0,4
BRDA:30,10,1,0
BRF:20
BRH:17
end_of_record
TN:
SF:C:\Users\justaway\Desktop\hw4_1\frontend\src\actions.spec.js
FN:0,_interopRequireDefault
FN:6,(anonymous_2)
FN:10,(anonymous_3)
FN:25,(anonymous_4)
FN:32,(anonymous_5)
FN:38,(anonymous_6)
FN:45,(anonymous_7)
FN:55,(anonymous_8)
FN:62,(anonymous_9)
FN:72,(anonymous_10)
FN:78,(anonymous_11)
FN:87,(anonymous_12)
FN:96,(anonymous_13)
FN:104,(anonymous_14)
FN:112,(anonymous_15)
FNF:15
FNH:13
FNDA:1,_interopRequireDefault
FNDA:1,(anonymous_2)
FNDA:8,(anonymous_3)
FNDA:8,(anonymous_4)
FNDA:1,(anonymous_5)
FNDA:0,(anonymous_6)
FNDA:1,(anonymous_7)
FNDA:0,(anonymous_8)
FNDA:1,(anonymous_9)
FNDA:1,(anonymous_10)
FNDA:1,(anonymous_11)
FNDA:1,(anonymous_12)
FNDA:1,(anonymous_13)
FNDA:1,(anonymous_14)
FNDA:1,(anonymous_15)
DA:0,1
DA:1,1
DA:2,1
DA:3,1
DA:4,1
DA:6,1
DA:8,1
DA:10,1
DA:11,8
DA:12,0
DA:13,0
DA:14,0
DA:16,8
DA:17,8
DA:18,8
DA:19,8
DA:20,8
DA:21,8
DA:22,8
DA:25,1
DA:26,8
DA:27,0
DA:28,0
DA:32,1
DA:33,1
DA:38,1
DA:39,0
DA:45,1
DA:46,1
DA:47,1
DA:49,1
DA:55,1
DA:56,0
DA:62,1
DA:63,1
DA:64,1
DA:66,1
DA:72,1
DA:73,1
DA:78,1
DA:79,1
DA:83,1
DA:87,1
DA:88,1
DA:92,1
DA:96,1
DA:97,1
DA:100,1
DA:104,1
DA:105,1
DA:108,1
DA:112,1
DA:113,1
DA:116,1
LF:54
LH:47
BRDA:0,1,0,0
BRDA:0,1,1,1
BRDA:0,2,0,1
BRDA:0,2,1,1
BRDA:11,3,0,0
BRDA:11,3,1,8
BRDA:26,4,0,0
BRDA:26,4,1,8
BRF:8
BRH:6
end_of_record
TN:
SF:C:\Users\justaway\Desktop\hw4_1\frontend\src\app.js
FN:0,_interopRequireDefault
FN:10,App
FN:22,mapStateToProps
FNF:3
FNH:1
FNDA:4,_interopRequireDefault
FNDA:0,App
FNDA:0,mapStateToProps
DA:0,4
DA:1,1
DA:2,1
DA:4,1
DA:5,1
DA:6,1
DA:10,1
DA:12,0
DA:13,0
DA:14,0
DA:15,0
DA:17,0
DA:22,1
DA:24,1
LF:14
LH:9
BRDA:0,1,0,3
BRDA:0,1,1,1
BRDA:0,2,0,4
BRDA:0,2,1,4
BRDA:12,3,0,0
BRDA:12,3,1,0
BRDA:14,4,0,0
BRDA:14,4,1,0
BRF:8
BRH:4
end_of_record
TN:
SF:C:\Users\justaway\Desktop\hw4_1\frontend\src\components\auth\landing.js
FN:0,_interopRequireDefault
FN:8,ErrorMessage
FN:29,(anonymous_3)
FN:36,Landing
FNF:4
FNH:1
FNDA:3,_interopRequireDefault
FNDA:0,ErrorMessage
FNDA:0,(anonymous_3)
FNDA:0,Landing
DA:0,3
DA:1,1
DA:2,1
DA:4,1
DA:5,1
DA:8,1
DA:9,0
DA:29,1
DA:30,0
DA:36,1
DA:37,0
DA:69,1
LF:12
LH:9
BRDA:0,1,0,2
BRDA:0,1,1,1
BRDA:0,2,0,3
BRDA:0,2,1,3
BRDA:8,3,0,0
BRDA:8,3,1,0
BRDA:8,4,0,0
BRDA:8,4,1,0
BRDA:10,5,0,0
BRDA:10,5,1,0
BRDA:18,6,0,0
BRDA:18,6,1,0
BRF:12
BRH:6
end_of_record
TN:
SF:C:\Users\justaway\Desktop\hw4_1\frontend\src\components\auth\login.js
FN:0,_interopRequireDefault
FN:7,Login
FN:23,ref
FN:33,ref
FN:39,onClick
FNF:5
FNH:1
FNDA:1,_interopRequireDefault
FNDA:0,Login
FNDA:0,ref
FNDA:0,ref
FNDA:0,onClick
DA:0,1
DA:1,1
DA:2,1
DA:4,1
DA:7,1
DA:9,0
DA:12,0
DA:23,0
DA:33,0
DA:39,0
DA:47,1
LF:11
LH:6
BRDA:0,1,0,0
BRDA:0,1,1,1
BRDA:0,2,0,1
BRDA:0,2,1,1
BRF:4
BRH:4
end_of_record
TN:
SF:C:\Users\justaway\Desktop\hw4_1\frontend\src\components\auth\authActions.js
FN:10,initialVisit
FN:11,(anonymous_2)
FN:12,(anonymous_3)
FN:19,(anonymous_4)
FN:21,(anonymous_5)
FN:27,login
FN:28,(anonymous_7)
FN:30,(anonymous_8)
FN:35,(anonymous_9)
FN:42,logout
FN:43,(anonymous_11)
FN:45,(anonymous_12)
FN:48,(anonymous_13)
FN:56,reset
FN:57,(anonymous_15)
FN:69,register
FN:77,(anonymous_17)
FN:88,(anonymous_18)
FN:90,(anonymous_19)
FNF:19
FNH:8
FNDA:0,initialVisit
FNDA:0,(anonymous_2)
FNDA:0,(anonymous_3)
FNDA:0,(anonymous_4)
FNDA:0,(anonymous_5)
FNDA:1,login
FNDA:1,(anonymous_7)
FNDA:1,(anonymous_8)
FNDA:1,(anonymous_9)
FNDA:1,logout
FNDA:1,(anonymous_11)
FNDA:1,(anonymous_12)
FNDA:1,(anonymous_13)
FNDA:0,reset
FNDA:0,(anonymous_15)
FNDA:0,register
FNDA:0,(anonymous_17)
FNDA:0,(anonymous_18)
FNDA:0,(anonymous_19)
DA:0,1
DA:1,1
DA:2,1
DA:4,1
DA:5,1
DA:8,1
DA:10,1
DA:11,0
DA:12,0
DA:13,0
DA:14,0
DA:15,0
DA:16,0
DA:17,0
DA:20,0
DA:27,1
DA:28,1
DA:29,1
DA:31,1
DA:32,0
DA:33,0
DA:36,1
DA:42,1
DA:43,1
DA:44,1
DA:46,1
DA:49,1
DA:50,1
DA:56,1
DA:57,0
DA:58,0
DA:59,0
DA:60,0
DA:61,0
DA:62,0
DA:63,0
DA:64,0
DA:69,1
DA:70,0
DA:71,0
DA:72,0
DA:73,0
DA:74,0
DA:75,0
DA:76,0
DA:77,0
DA:78,0
DA:79,0
DA:82,0
DA:83,0
DA:84,0
DA:87,0
DA:89,0
DA:91,0
LF:54
LH:20
BRDA:78,1,0,0
BRDA:78,1,1,0
BRDA:78,2,0,0
BRDA:78,2,1,0
BRDA:78,2,2,0
BRDA:78,2,3,0
BRDA:78,2,4,0
BRDA:78,2,5,0
BRDA:78,2,6,0
BRDA:83,3,0,0
BRDA:83,3,1,0
BRF:11
BRH:0
end_of_record
TN:
SF:C:\Users\justaway\Desktop\hw4_1\frontend\src\components\profile\profileActions.js
FN:8,getAvatar
FN:9,(anonymous_2)
FN:10,(anonymous_3)
FN:16,changeAvatar
FN:17,(anonymous_5)
FN:22,(anonymous_6)
FN:23,(anonymous_7)
FN:28,getEmail
FN:29,(anonymous_9)
FN:30,(anonymous_10)
FN:36,getZipcode
FN:37,(anonymous_12)
FN:38,(anonymous_13)
FN:45,updateUsername
FN:46,(anonymous_15)
FN:50,(anonymous_16)
FN:57,updateEmail
FN:58,(anonymous_18)
FN:62,(anonymous_19)
FN:69,updatePhone
FN:70,(anonymous_21)
FN:74,(anonymous_22)
FN:81,updateZipcode
FN:82,(anonymous_24)
FN:86,(anonymous_25)
FN:93,updatePassword
FN:94,(anonymous_27)
FN:97,(anonymous_28)
FN:104,updateConfirm
FN:105,(anonymous_30)
FN:108,(anonymous_31)
FN:115,update_profile
FN:123,(anonymous_33)
FN:164,validateProfile
FNF:34
FNH:4
FNDA:0,getAvatar
FNDA:0,(anonymous_2)
FNDA:0,(anonymous_3)
FNDA:0,changeAvatar
FNDA:0,(anonymous_5)
FNDA:0,(anonymous_6)
FNDA:0,(anonymous_7)
FNDA:1,getEmail
FNDA:1,(anonymous_9)
FNDA:0,(anonymous_10)
FNDA:1,getZipcode
FNDA:1,(anonymous_12)
FNDA:0,(anonymous_13)
FNDA:0,updateUsername
FNDA:0,(anonymous_15)
FNDA:0,(anonymous_16)
FNDA:0,updateEmail
FNDA:0,(anonymous_18)
FNDA:0,(anonymous_19)
FNDA:0,updatePhone
FNDA:0,(anonymous_21)
FNDA:0,(anonymous_22)
FNDA:0,updateZipcode
FNDA:0,(anonymous_24)
FNDA:0,(anonymous_25)
FNDA:0,updatePassword
FNDA:0,(anonymous_27)
FNDA:0,(anonymous_28)
FNDA:0,updateConfirm
FNDA:0,(anonymous_30)
FNDA:0,(anonymous_31)
FNDA:0,update_profile
FNDA:0,(anonymous_33)
FNDA:0,validateProfile
DA:0,1
DA:1,1
DA:3,1
DA:4,1
DA:5,1
DA:8,1
DA:9,0
DA:10,0
DA:11,0
DA:16,1
DA:17,0
DA:18,0
DA:19,0
DA:20,0
DA:21,0
DA:22,0
DA:23,0
DA:28,1
DA:29,1
DA:30,1
DA:31,0
DA:36,1
DA:37,1
DA:38,1
DA:39,0
DA:45,1
DA:46,0
DA:47,0
DA:48,0
DA:49,0
DA:50,0
DA:51,0
DA:57,1
DA:58,0
DA:59,0
DA:60,0
DA:61,0
DA:62,0
DA:63,0
DA:69,1
DA:70,0
DA:71,0
DA:72,0
DA:73,0
DA:74,0
DA:75,0
DA:81,1
DA:82,0
DA:83,0
DA:84,0
DA:85,0
DA:86,0
DA:87,0
DA:93,1
DA:94,0
DA:95,0
DA:96,0
DA:97,0
DA:98,0
DA:104,1
DA:105,0
DA:106,0
DA:107,0
DA:108,0
DA:109,0
DA:115,1
DA:116,0
DA:117,0
DA:118,0
DA:119,0
DA:120,0
DA:121,0
DA:123,0
DA:124,0
DA:125,0
DA:128,0
DA:129,0
DA:130,0
DA:133,0
DA:135,0
DA:136,0
DA:139,0
DA:140,0
DA:143,0
DA:144,0
DA:147,0
DA:148,0
DA:151,0
DA:152,0
DA:155,0
DA:156,0
DA:164,1
DA:165,0
DA:166,0
DA:167,0
DA:168,0
DA:169,0
DA:173,0
DA:174,0
DA:175,0
DA:176,0
DA:180,0
DA:181,0
DA:182,0
DA:183,0
DA:187,0
DA:188,0
DA:189,0
DA:190,0
DA:194,0
DA:195,0
DA:196,0
DA:200,0
LF:113
LH:21
BRDA:124,1,0,0
BRDA:124,1,1,0
BRDA:124,2,0,0
BRDA:124,2,1,0
BRDA:124,2,2,0
BRDA:124,2,3,0
BRDA:124,2,4,0
BRDA:124,2,5,0
BRDA:129,3,0,0
BRDA:129,3,1,0
BRDA:135,4,0,0
BRDA:135,4,1,0
BRDA:139,5,0,0
BRDA:139,5,1,0
BRDA:143,6,0,0
BRDA:143,6,1,0
BRDA:147,7,0,0
BRDA:147,7,1,0
BRDA:151,8,0,0
BRDA:151,8,1,0
BRDA:155,9,0,0
BRDA:155,9,1,0
BRDA:167,10,0,0
BRDA:167,10,1,0
BRDA:168,11,0,0
BRDA:168,11,1,0
BRDA:174,12,0,0
BRDA:174,12,1,0
BRDA:175,13,0,0
BRDA:175,13,1,0
BRDA:181,14,0,0
BRDA:181,14,1,0
BRDA:182,15,0,0
BRDA:182,15,1,0
BRDA:188,16,0,0
BRDA:188,16,1,0
BRDA:189,17,0,0
BRDA:189,17,1,0
BRDA:194,18,0,0
BRDA:194,18,1,0
BRDA:194,19,0,0
BRDA:194,19,1,0
BRDA:195,20,0,0
BRDA:195,20,1,0
BRF:44
BRH:0
end_of_record
TN:
SF:C:\Users\justaway\Desktop\hw4_1\frontend\src\components\main\mainActions.js
FN:0,_interopRequireDefault
FN:6,updateHeadline
FN:7,(anonymous_3)
FN:10,(anonymous_4)
FN:16,getHeadline
FN:17,(anonymous_6)
FN:18,(anonymous_7)
FNF:7
FNH:3
FNDA:1,_interopRequireDefault
FNDA:0,updateHeadline
FNDA:0,(anonymous_3)
FNDA:0,(anonymous_4)
FNDA:1,getHeadline
FNDA:1,(anonymous_6)
FNDA:0,(anonymous_7)
DA:0,1
DA:1,1
DA:6,1
DA:7,0
DA:8,0
DA:9,0
DA:10,0
DA:11,0
DA:16,1
DA:17,1
DA:18,1
DA:19,0
LF:12
LH:6
BRDA:0,1,0,1
BRDA:0,1,1,0
BRDA:0,2,0,1
BRDA:0,2,1,1
BRF:4
BRH:4
end_of_record
TN:
SF:C:\Users\justaway\Desktop\hw4_1\frontend\src\components\main\followingActions.js
FN:0,_interopRequireDefault
FN:7,delFollower
FN:8,addFollower
FN:9,getFollowing
FN:12,getFollowers
FN:13,(anonymous_6)
FN:19,(anonymous_7)
FN:25,(anonymous_8)
FN:29,(anonymous_9)
FN:30,(anonymous_10)
FN:39,(anonymous_11)
FN:40,(anonymous_12)
FN:48,(anonymous_13)
FN:52,(anonymous_14)
FN:53,(anonymous_15)
FNF:15
FNH:1
FNDA:1,_interopRequireDefault
FNDA:0,delFollower
FNDA:0,addFollower
FNDA:0,getFollowing
FNDA:0,getFollowers
FNDA:0,(anonymous_6)
FNDA:0,(anonymous_7)
FNDA:0,(anonymous_8)
FNDA:0,(anonymous_9)
FNDA:0,(anonymous_10)
FNDA:0,(anonymous_11)
FNDA:0,(anonymous_12)
FNDA:0,(anonymous_13)
FNDA:0,(anonymous_14)
FNDA:0,(anonymous_15)
DA:0,1
DA:1,1
DA:2,1
DA:3,1
DA:7,1
DA:8,1
DA:9,1
DA:12,1
DA:13,0
DA:14,0
DA:15,0
DA:18,0
DA:21,0
DA:22,0
DA:25,0
DA:26,0
DA:28,0
DA:30,0
DA:31,0
DA:32,0
DA:33,0
DA:38,0
DA:40,0
DA:41,0
DA:42,0
DA:43,0
DA:48,0
DA:49,0
DA:52,0
DA:54,0
LF:30
LH:8
BRDA:0,1,0,0
BRDA:0,1,1,1
BRDA:0,2,0,1
BRDA:0,2,1,1
BRDA:14,3,0,0
BRDA:14,3,1,0
BRDA:14,4,0,0
BRDA:14,4,1,0
BRDA:18,5,0,0
BRDA:18,5,1,0
BRDA:18,6,0,0
BRDA:18,6,1,0
BRDA:21,7,0,0
BRDA:21,7,1,0
BRDA:21,8,0,0
BRDA:21,8,1,0
BRDA:32,9,0,0
BRDA:32,9,1,0
BRDA:42,10,0,0
BRDA:42,10,1,0
BRF:20
BRH:4
end_of_record
TN:
SF:C:\Users\justaway\Desktop\hw4_1\frontend\src\components\article\articleActions.js
FN:5,getArticle
FN:6,(anonymous_2)
FN:7,(anonymous_3)
FN:14,addArticle
FN:23,(anonymous_5)
FN:28,(anonymous_6)
FN:35,add_Comment
FN:39,(anonymous_8)
FN:41,(anonymous_9)
FN:47,searchKeyword
FN:51,showComments
FN:52,(anonymous_12)
FN:58,addComments
FN:59,(anonymous_14)
FN:65,editComment
FN:68,(anonymous_16)
FN:70,(anonymous_17)
FN:76,editPost
FN:79,(anonymous_19)
FN:81,(anonymous_20)
FNF:20
FNH:5
FNDA:2,getArticle
FNDA:2,(anonymous_2)
FNDA:0,(anonymous_3)
FNDA:1,addArticle
FNDA:1,(anonymous_5)
FNDA:0,(anonymous_6)
FNDA:0,add_Comment
FNDA:0,(anonymous_8)
FNDA:0,(anonymous_9)
FNDA:1,searchKeyword
FNDA:0,showComments
FNDA:0,(anonymous_12)
FNDA:0,addComments
FNDA:0,(anonymous_14)
FNDA:0,editComment
FNDA:0,(anonymous_16)
FNDA:0,(anonymous_17)
FNDA:0,editPost
FNDA:0,(anonymous_19)
FNDA:0,(anonymous_20)
DA:0,1
DA:1,1
DA:3,1
DA:5,1
DA:6,2
DA:7,2
DA:8,0
DA:14,1
DA:15,1
DA:17,1
DA:18,1
DA:19,1
DA:20,1
DA:21,1
DA:23,1
DA:24,1
DA:27,1
DA:29,0
DA:30,0
DA:35,1
DA:36,0
DA:37,0
DA:39,0
DA:40,0
DA:42,0
DA:47,1
DA:48,1
DA:51,1
DA:52,0
DA:53,0
DA:58,1
DA:59,0
DA:60,0
DA:65,1
DA:66,0
DA:67,0
DA:68,0
DA:69,0
DA:71,0
DA:76,1
DA:77,0
DA:78,0
DA:79,0
DA:80,0
DA:82,0
LF:45
LH:23
BRDA:24,1,0,0
BRDA:24,1,1,1
BRDA:54,2,0,0
BRDA:54,2,1,0
BRDA:61,3,0,0
BRDA:61,3,1,0
BRF:6
BRH:1
end_of_record
TN:
SF:C:\Users\justaway\Desktop\hw4_1\frontend\src\components\auth\register.js
FN:0,_interopRequireDefault
FN:8,Register
FN:23,ref
FN:31,ref
FN:39,ref
FN:47,ref
FN:55,ref
FN:63,ref
FN:71,ref
FN:78,onClick
FN:82,onClick
FNF:11
FNH:1
FNDA:1,_interopRequireDefault
FNDA:0,Register
FNDA:0,ref
FNDA:0,ref
FNDA:0,ref
FNDA:0,ref
FNDA:0,ref
FNDA:0,ref
FNDA:0,ref
FNDA:0,onClick
FNDA:0,onClick
DA:0,1
DA:1,1
DA:2,1
DA:4,1
DA:8,1
DA:10,0
DA:13,0
DA:23,0
DA:31,0
DA:39,0
DA:47,0
DA:55,0
DA:63,0
DA:71,0
DA:78,0
DA:82,0
DA:89,1
LF:17
LH:6
BRDA:0,1,0,0
BRDA:0,1,1,1
BRDA:0,2,0,1
BRDA:0,2,1,1
BRF:4
BRH:4
end_of_record
TN:
SF:C:\Users\justaway\Desktop\hw4_1\frontend\src\components\main\main.js
FN:0,_interopRequireDefault
FN:10,Main
FNF:2
FNH:1
FNDA:5,_interopRequireDefault
FNDA:0,Main
DA:0,5
DA:1,1
DA:2,1
DA:4,1
DA:5,1
DA:6,1
DA:7,1
DA:10,1
DA:11,0
DA:39,1
LF:10
LH:9
BRDA:0,1,0,4
BRDA:0,1,1,1
BRDA:0,2,0,5
BRDA:0,2,1,5
BRF:4
BRH:4
end_of_record
TN:
SF:C:\Users\justaway\Desktop\hw4_1\frontend\src\components\main\headline.js
FN:0,_interopRequireDefault
FN:6,Headline
FN:18,ref
FN:31,(anonymous_4)
FN:37,(anonymous_5)
FN:39,updateHeadline
FNF:6
FNH:1
FNDA:1,_interopRequireDefault
FNDA:0,Headline
FNDA:0,ref
FNDA:0,(anonymous_4)
FNDA:0,(anonymous_5)
FNDA:0,updateHeadline
DA:0,1
DA:1,1
DA:2,1
DA:3,1
DA:6,1
DA:8,0
DA:11,0
DA:18,0
DA:30,1
DA:32,0
DA:38,0
DA:39,0
LF:12
LH:6
BRDA:0,1,0,0
BRDA:0,1,1,1
BRDA:0,2,0,1
BRDA:0,2,1,1
BRDA:13,3,0,0
BRDA:13,3,1,0
BRDA:14,4,0,0
BRDA:14,4,1,0
BRF:8
BRH:4
end_of_record
TN:
SF:C:\Users\justaway\Desktop\hw4_1\frontend\src\components\main\following.js
FN:0,(anonymous_1)
FN:0,defineProperties
FN:0,(anonymous_3)
FN:0,_interopRequireDefault
FN:0,_classCallCheck
FN:0,_possibleConstructorReturn
FN:0,_inherits
FN:6,Follower
FN:13,onClick
FN:0,(anonymous_10)
FN:0,Following
FN:22,render
FN:24,(anonymous_13)
FN:24,(anonymous_14)
FN:31,ref
FN:33,onClick
FN:49,(anonymous_17)
FNF:17
FNH:9
FNDA:1,(anonymous_1)
FNDA:1,defineProperties
FNDA:1,(anonymous_3)
FNDA:1,_interopRequireDefault
FNDA:0,_classCallCheck
FNDA:0,_possibleConstructorReturn
FNDA:1,_inherits
FNDA:0,Follower
FNDA:0,onClick
FNDA:1,(anonymous_10)
FNDA:0,Following
FNDA:0,render
FNDA:0,(anonymous_13)
FNDA:0,(anonymous_14)
FNDA:0,ref
FNDA:0,onClick
FNDA:0,(anonymous_17)
DA:0,1
DA:1,1
DA:2,1
DA:4,1
DA:6,1
DA:7,0
DA:13,0
DA:21,1
DA:23,0
DA:24,0
DA:25,0
DA:31,0
DA:34,0
DA:35,0
DA:48,1
DA:50,0
LF:16
LH:7
BRDA:0,1,0,1
BRDA:0,1,1,1
BRDA:0,2,0,1
BRDA:0,2,1,0
BRDA:0,3,0,1
BRDA:0,3,1,0
BRDA:0,4,0,0
BRDA:0,4,1,1
BRDA:0,5,0,0
BRDA:0,5,1,1
BRDA:0,6,0,1
BRDA:0,6,1,1
BRDA:0,7,0,0
BRDA:0,7,1,0
BRDA:0,8,0,0
BRDA:0,8,1,0
BRDA:0,9,0,0
BRDA:0,9,1,0
BRDA:0,10,0,0
BRDA:0,10,1,0
BRDA:0,10,2,0
BRDA:0,11,0,0
BRDA:0,11,1,1
BRDA:0,12,0,1
BRDA:0,12,1,0
BRDA:0,13,0,1
BRDA:0,13,1,1
BRDA:0,14,0,1
BRDA:0,14,1,0
BRDA:0,15,0,1
BRDA:0,15,1,0
BRDA:0,16,0,0
BRDA:0,16,1,0
BRDA:37,17,0,0
BRDA:37,17,1,0
BRF:35
BRH:33
end_of_record
TN:
SF:C:\Users\justaway\Desktop\hw4_1\frontend\src\components\main\nav.js
FN:0,_interopRequireDefault
FN:8,Nav
FN:26,(anonymous_3)
FN:30,(anonymous_4)
FN:33,goToProfile
FN:34,logout
FNF:6
FNH:1
FNDA:1,_interopRequireDefault
FNDA:0,Nav
FNDA:0,(anonymous_3)
FNDA:0,(anonymous_4)
FNDA:0,goToProfile
FNDA:0,logout
DA:0,1
DA:1,1
DA:2,1
DA:4,1
DA:5,1
DA:8,1
DA:11,0
DA:25,1
DA:27,0
DA:32,0
DA:33,0
DA:34,0
LF:12
LH:7
BRDA:0,1,0,0
BRDA:0,1,1,1
BRDA:0,2,0,1
BRDA:0,2,1,1
BRDA:28,3,0,0
BRDA:28,3,1,0
BRF:6
BRH:4
end_of_record
TN:
SF:C:\Users\justaway\Desktop\hw4_1\frontend\src\components\article\articleView.js
FN:0,_interopRequireDefault
FN:8,ArticleView
FN:16,ref
FN:17,onChange
FN:19,onClick
FN:21,onClick
FN:29,ref
FN:29,onChange
FN:37,(anonymous_9)
FN:44,(anonymous_10)
FN:57,(anonymous_11)
FN:59,(anonymous_12)
FN:61,(anonymous_13)
FNF:13
FNH:1
FNDA:1,_interopRequireDefault
FNDA:0,ArticleView
FNDA:0,ref
FNDA:0,onChange
FNDA:0,onClick
FNDA:0,onClick
FNDA:0,ref
FNDA:0,onChange
FNDA:0,(anonymous_9)
FNDA:0,(anonymous_10)
FNDA:0,(anonymous_11)
FNDA:0,(anonymous_12)
FNDA:0,(anonymous_13)
DA:0,1
DA:1,1
DA:2,1
DA:4,1
DA:5,1
DA:8,1
DA:9,0
DA:11,0
DA:16,0
DA:17,0
DA:19,0
DA:20,0
DA:21,0
DA:29,0
DA:38,0
DA:39,0
DA:41,0
DA:42,0
DA:43,0
DA:44,0
DA:56,1
DA:58,0
DA:59,0
DA:60,0
DA:61,0
DA:62,0
DA:66,0
LF:27
LH:7
BRDA:0,1,0,0
BRDA:0,1,1,1
BRDA:0,2,0,1
BRDA:0,2,1,1
BRDA:38,3,0,0
BRDA:38,3,1,0
BRDA:41,4,0,0
BRDA:41,4,1,0
BRDA:60,5,0,0
BRDA:60,5,1,0
BRDA:60,6,0,0
BRDA:60,6,1,0
BRDA:62,7,0,0
BRDA:62,7,1,0
BRF:14
BRH:4
end_of_record
TN:
SF:C:\Users\justaway\Desktop\hw4_1\frontend\src\components\article\article.js
FN:0,_interopRequireDefault
FN:9,Article
FN:25,ref
FN:26,onChange
FN:33,onClick
FN:36,onClick
FN:54,(anonymous_7)
FN:60,(anonymous_8)
FNF:8
FNH:1
FNDA:1,_interopRequireDefault
FNDA:0,Article
FNDA:0,ref
FNDA:0,onChange
FNDA:0,onClick
FNDA:0,onClick
FNDA:0,(anonymous_7)
FNDA:0,(anonymous_8)
DA:0,1
DA:1,1
DA:2,1
DA:4,1
DA:5,1
DA:6,1
DA:9,1
DA:10,0
DA:12,0
DA:25,0
DA:26,0
DA:33,0
DA:36,0
DA:55,0
DA:56,0
DA:57,0
DA:58,0
DA:59,0
DA:60,0
DA:72,1
LF:20
LH:8
BRDA:0,1,0,0
BRDA:0,1,1,1
BRDA:0,2,0,1
BRDA:0,2,1,1
BRDA:24,3,0,0
BRDA:24,3,1,0
BRDA:32,4,0,0
BRDA:32,4,1,0
BRDA:35,5,0,0
BRDA:35,5,1,0
BRDA:44,6,0,0
BRDA:44,6,1,0
BRDA:54,7,0,0
BRDA:54,7,1,0
BRDA:53,8,0,0
BRDA:53,8,1,0
BRDA:55,9,0,0
BRDA:55,9,1,0
BRDA:57,10,0,0
BRDA:57,10,1,0
BRF:20
BRH:4
end_of_record
TN:
SF:C:\Users\justaway\Desktop\hw4_1\frontend\src\components\article\comment.js
FN:0,_interopRequireDefault
FN:6,Comment
FN:17,ref
FN:18,onChange
FNF:4
FNH:1
FNDA:1,_interopRequireDefault
FNDA:0,Comment
FNDA:0,ref
FNDA:0,onChange
DA:0,1
DA:1,1
DA:2,1
DA:3,1
DA:6,1
DA:7,0
DA:9,0
DA:17,0
DA:18,0
DA:30,1
LF:10
LH:6
BRDA:0,1,0,0
BRDA:0,1,1,1
BRDA:0,2,0,1
BRDA:0,2,1,1
BRDA:16,3,0,0
BRDA:16,3,1,0
BRF:6
BRH:4
end_of_record
TN:
SF:C:\Users\justaway\Desktop\hw4_1\frontend\src\components\article\addComment.js
FN:0,_interopRequireDefault
FN:6,AddComment
FN:10,ref
FN:11,onClick
FNF:4
FNH:1
FNDA:1,_interopRequireDefault
FNDA:0,AddComment
FNDA:0,ref
FNDA:0,onClick
DA:0,1
DA:1,1
DA:2,1
DA:3,1
DA:6,1
DA:7,0
DA:9,0
DA:10,0
DA:11,0
DA:16,1
LF:10
LH:6
BRDA:0,1,0,0
BRDA:0,1,1,1
BRDA:0,2,0,1
BRDA:0,2,1,1
BRF:4
BRH:4
end_of_record
TN:
SF:C:\Users\justaway\Desktop\hw4_1\frontend\src\components\profile\profile.js
FN:0,_interopRequireDefault
FN:7,ErrorMessage
FN:28,(anonymous_3)
FN:33,Profile
FNF:4
FNH:1
FNDA:4,_interopRequireDefault
FNDA:0,ErrorMessage
FNDA:0,(anonymous_3)
FNDA:0,Profile
DA:0,4
DA:1,1
DA:2,1
DA:3,1
DA:4,1
DA:5,1
DA:7,1
DA:8,0
DA:28,1
DA:29,0
DA:33,1
DA:35,0
DA:51,1
LF:13
LH:10
BRDA:0,1,0,3
BRDA:0,1,1,1
BRDA:0,2,0,4
BRDA:0,2,1,4
BRDA:7,3,0,0
BRDA:7,3,1,0
BRDA:7,4,0,0
BRDA:7,4,1,0
BRDA:9,5,0,0
BRDA:9,5,1,0
BRDA:17,6,0,0
BRDA:17,6,1,0
BRF:12
BRH:6
end_of_record
TN:
SF:C:\Users\justaway\Desktop\hw4_1\frontend\src\components\profile\profileForm.js
FN:0,_interopRequireDefault
FN:6,ProdfileForm
FN:25,ref
FN:34,ref
FN:43,ref
FN:53,ref
FN:62,ref
FN:71,ref
FN:78,onClick
FNF:9
FNH:1
FNDA:1,_interopRequireDefault
FNDA:0,ProdfileForm
FNDA:0,ref
FNDA:0,ref
FNDA:0,ref
FNDA:0,ref
FNDA:0,ref
FNDA:0,ref
FNDA:0,onClick
DA:0,1
DA:1,1
DA:2,1
DA:3,1
DA:6,1
DA:8,0
DA:11,0
DA:25,0
DA:34,0
DA:43,0
DA:53,0
DA:62,0
DA:71,0
DA:78,0
DA:88,1
LF:15
LH:6
BRDA:0,1,0,0
BRDA:0,1,1,1
BRDA:0,2,0,1
BRDA:0,2,1,1
BRF:4
BRH:4
end_of_record
TN:
SF:C:\Users\justaway\Desktop\hw4_1\frontend\src\components\profile\avatar.js
FN:0,_interopRequireDefault
FN:6,Avatar
FN:13,onChange
FN:14,onClick
FN:30,(anonymous_5)
FN:40,(anonymous_6)
FN:42,change
FNF:7
FNH:1
FNDA:1,_interopRequireDefault
FNDA:0,Avatar
FNDA:0,onChange
FNDA:0,onClick
FNDA:0,(anonymous_5)
FNDA:0,(anonymous_6)
FNDA:0,change
DA:0,1
DA:1,1
DA:2,1
DA:3,1
DA:6,1
DA:7,0
DA:9,0
DA:13,0
DA:14,0
DA:29,1
DA:31,0
DA:41,0
DA:42,0
LF:13
LH:6
BRDA:0,1,0,0
BRDA:0,1,1,1
BRDA:0,2,0,1
BRDA:0,2,1,1
BRDA:16,3,0,0
BRDA:16,3,1,0
BRDA:17,4,0,0
BRDA:17,4,1,0
BRDA:18,5,0,0
BRDA:18,5,1,0
BRDA:20,6,0,0
BRDA:20,6,1,0
BRDA:21,7,0,0
BRDA:21,7,1,0
BRDA:22,8,0,0
BRDA:22,8,1,0
BRF:16
BRH:4
end_of_record
TN:
SF:C:\Users\justaway\Desktop\hw4_1\frontend\src\components\profile\profileNav.js
FN:0,_interopRequireDefault
FN:9,ProfileNav
FN:28,(anonymous_3)
FN:32,(anonymous_4)
FN:35,initialVisit
FN:36,logout
FNF:6
FNH:1
FNDA:1,_interopRequireDefault
FNDA:0,ProfileNav
FNDA:0,(anonymous_3)
FNDA:0,(anonymous_4)
FNDA:0,initialVisit
FNDA:0,logout
DA:0,1
DA:1,1
DA:2,1
DA:4,1
DA:9,1
DA:13,0
DA:27,1
DA:29,0
DA:34,0
DA:35,0
DA:36,0
LF:11
LH:6
BRDA:0,1,0,0
BRDA:0,1,1,1
BRDA:0,2,0,1
BRDA:0,2,1,1
BRDA:30,3,0,0
BRDA:30,3,1,0
BRF:6
BRH:4
end_of_record
TN:
SF:C:\Users\justaway\Desktop\hw4_1\frontend\src\components\article\articleActions.spec.js
FN:0,_interopRequireDefault
FN:6,(anonymous_2)
FN:10,(anonymous_3)
FN:21,(anonymous_4)
FN:28,(anonymous_5)
FN:35,(anonymous_6)
FN:36,(anonymous_7)
FN:43,(anonymous_8)
FNF:8
FNH:6
FNDA:1,_interopRequireDefault
FNDA:1,(anonymous_2)
FNDA:2,(anonymous_3)
FNDA:2,(anonymous_4)
FNDA:1,(anonymous_5)
FNDA:0,(anonymous_6)
FNDA:0,(anonymous_7)
FNDA:1,(anonymous_8)
DA:0,1
DA:1,1
DA:2,1
DA:3,1
DA:4,1
DA:6,1
DA:8,1
DA:10,1
DA:11,2
DA:12,0
DA:13,0
DA:14,0
DA:16,2
DA:17,2
DA:21,1
DA:22,2
DA:23,0
DA:24,0
DA:28,1
DA:29,1
DA:35,1
DA:36,0
DA:37,0
DA:43,1
DA:44,1
DA:45,1
LF:26
LH:19
BRDA:0,1,0,0
BRDA:0,1,1,1
BRDA:0,2,0,1
BRDA:0,2,1,1
BRDA:11,3,0,0
BRDA:11,3,1,2
BRDA:22,4,0,0
BRDA:22,4,1,2
BRDA:37,5,0,0
BRDA:37,5,1,0
BRF:10
BRH:6
end_of_record
TN:
SF:C:\Users\justaway\Desktop\hw4_1\frontend\src\components\article\articleReducer.js
FN:0,(anonymous_1)
FN:9,articleReducer
FN:13,(anonymous_3)
FN:20,(anonymous_4)
FN:27,(anonymous_5)
FN:34,(anonymous_6)
FN:45,(anonymous_7)
FN:60,(anonymous_8)
FNF:8
FNH:2
FNDA:0,(anonymous_1)
FNDA:5,articleReducer
FNDA:0,(anonymous_3)
FNDA:0,(anonymous_4)
FNDA:0,(anonymous_5)
FNDA:0,(anonymous_6)
FNDA:0,(anonymous_7)
FNDA:0,(anonymous_8)
DA:0,1
DA:1,1
DA:9,5
DA:10,5
DA:12,0
DA:14,0
DA:19,0
DA:21,0
DA:26,0
DA:28,0
DA:33,0
DA:35,0
DA:40,1
DA:42,1
DA:44,0
DA:47,0
DA:48,0
DA:49,0
DA:52,0
DA:59,0
DA:62,0
DA:63,0
DA:64,0
DA:65,0
DA:68,0
DA:74,0
DA:75,0
DA:76,0
DA:78,3
DA:82,1
LF:30
LH:8
BRDA:0,1,0,1
BRDA:0,1,1,0
BRDA:0,2,0,0
BRDA:0,2,1,0
BRDA:9,3,0,0
BRDA:9,3,1,5
BRDA:9,4,0,5
BRDA:9,4,1,5
BRDA:11,5,0,0
BRDA:11,5,1,0
BRDA:11,5,2,0
BRDA:11,5,3,0
BRDA:11,5,4,1
BRDA:11,5,5,1
BRDA:11,5,6,0
BRDA:11,5,7,0
BRDA:11,5,8,0
BRDA:11,5,9,3
BRDA:14,6,0,0
BRDA:14,6,1,0
BRDA:21,7,0,0
BRDA:21,7,1,0
BRDA:28,8,0,0
BRDA:28,8,1,0
BRDA:35,9,0,0
BRDA:35,9,1,0
BRDA:47,10,0,0
BRDA:47,10,1,0
BRDA:62,11,0,0
BRDA:62,11,1,0
BRF:30
BRH:10
end_of_record
TN:
SF:C:\Users\justaway\Desktop\hw4_1\frontend\src\components\article\articleReducer.spec.js
FN:0,_interopRequireDefault
FN:13,(anonymous_2)
FN:14,(anonymous_3)
FN:22,(anonymous_4)
FN:31,(anonymous_5)
FNF:5
FNH:5
FNDA:2,_interopRequireDefault
FNDA:1,(anonymous_2)
FNDA:1,(anonymous_3)
FNDA:1,(anonymous_4)
FNDA:1,(anonymous_5)
DA:0,2
DA:1,1
DA:2,1
DA:3,1
DA:4,1
DA:5,1
DA:7,1
DA:13,1
DA:14,1
DA:16,1
DA:22,1
DA:23,1
DA:25,1
DA:31,1
DA:32,1
DA:34,1
LF:16
LH:16
BRDA:0,1,0,1
BRDA:0,1,1,1
BRDA:0,2,0,2
BRDA:0,2,1,2
BRF:4
BRH:4
end_of_record
TN:
SF:C:\Users\justaway\Desktop\hw4_1\frontend\src\components\article\articleView.spec.js
FN:0,_interopRequireDefault
FN:6,(anonymous_2)
FN:10,(anonymous_3)
FN:21,(anonymous_4)
FN:28,(anonymous_5)
FN:35,(anonymous_6)
FN:36,(anonymous_7)
FN:43,(anonymous_8)
FN:50,(anonymous_9)
FN:51,(anonymous_10)
FNF:10
FNH:6
FNDA:1,_interopRequireDefault
FNDA:1,(anonymous_2)
FNDA:2,(anonymous_3)
FNDA:2,(anonymous_4)
FNDA:1,(anonymous_5)
FNDA:0,(anonymous_6)
FNDA:0,(anonymous_7)
FNDA:1,(anonymous_8)
FNDA:0,(anonymous_9)
FNDA:0,(anonymous_10)
DA:0,1
DA:1,1
DA:2,1
DA:3,1
DA:4,1
DA:6,1
DA:8,1
DA:10,1
DA:11,2
DA:12,0
DA:13,0
DA:14,0
DA:17,2
DA:18,2
DA:21,1
DA:22,2
DA:23,0
DA:24,0
DA:28,1
DA:29,1
DA:35,1
DA:36,0
DA:37,0
DA:43,1
DA:44,1
DA:50,1
DA:51,0
DA:52,0
LF:28
LH:19
BRDA:0,1,0,0
BRDA:0,1,1,1
BRDA:0,2,0,1
BRDA:0,2,1,1
BRDA:11,3,0,0
BRDA:11,3,1,2
BRDA:22,4,0,0
BRDA:22,4,1,2
BRDA:37,5,0,0
BRDA:37,5,1,0
BRDA:52,6,0,0
BRDA:52,6,1,0
BRF:12
BRH:6
end_of_record
TN:
SF:C:\Users\justaway\Desktop\hw4_1\frontend\src\components\auth\authActions.spec.js
FN:0,_interopRequireDefault
FN:6,(anonymous_2)
FN:10,(anonymous_3)
FN:23,(anonymous_4)
FN:30,(anonymous_5)
FN:38,(anonymous_6)
FN:45,(anonymous_7)
FN:51,(anonymous_8)
FNF:8
FNH:8
FNDA:1,_interopRequireDefault
FNDA:1,(anonymous_2)
FNDA:2,(anonymous_3)
FNDA:2,(anonymous_4)
FNDA:1,(anonymous_5)
FNDA:2,(anonymous_6)
FNDA:1,(anonymous_7)
FNDA:3,(anonymous_8)
DA:0,1
DA:1,1
DA:2,1
DA:3,1
DA:4,1
DA:6,1
DA:8,1
DA:10,1
DA:11,2
DA:12,0
DA:13,0
DA:14,0
DA:17,2
DA:18,2
DA:19,2
DA:20,2
DA:23,1
DA:24,2
DA:25,0
DA:26,0
DA:30,1
DA:32,1
DA:38,1
DA:39,2
DA:45,1
DA:46,1
DA:51,1
DA:52,3
LF:28
LH:23
BRDA:0,1,0,0
BRDA:0,1,1,1
BRDA:0,2,0,1
BRDA:0,2,1,1
BRDA:11,3,0,0
BRDA:11,3,1,2
BRDA:24,4,0,0
BRDA:24,4,1,2
BRF:8
BRH:6
end_of_record
TN:
SF:C:\Users\justaway\Desktop\hw4_1\frontend\src\components\auth\authReducer.js
FN:0,(anonymous_1)
FN:10,authReducer
FNF:2
FNH:2
FNDA:0,(anonymous_1)
FNDA:8,authReducer
DA:0,1
DA:1,1
DA:6,1
DA:10,8
DA:12,8
DA:15,1
DA:22,1
DA:29,1
DA:35,1
DA:41,1
DA:46,3
DA:50,1
LF:12
LH:12
BRDA:0,1,0,1
BRDA:0,1,1,0
BRDA:0,2,0,0
BRDA:0,2,1,0
BRDA:10,3,0,0
BRDA:10,3,1,8
BRDA:10,4,0,8
BRDA:10,4,1,8
BRDA:13,5,0,1
BRDA:13,5,1,1
BRDA:13,5,2,1
BRDA:13,5,3,1
BRDA:13,5,4,1
BRDA:13,5,5,3
BRF:14
BRH:13
end_of_record
TN:
SF:C:\Users\justaway\Desktop\hw4_1\frontend\src\components\auth\authReducer.spec.js
FN:0,_interopRequireDefault
FN:6,(anonymous_2)
FN:8,(anonymous_3)
FN:17,(anonymous_4)
FN:25,(anonymous_5)
FN:33,(anonymous_6)
FN:41,(anonymous_7)
FN:50,(anonymous_8)
FNF:8
FNH:8
FNDA:1,_interopRequireDefault
FNDA:1,(anonymous_2)
FNDA:1,(anonymous_3)
FNDA:1,(anonymous_4)
FNDA:1,(anonymous_5)
FNDA:1,(anonymous_6)
FNDA:1,(anonymous_7)
FNDA:1,(anonymous_8)
DA:0,1
DA:1,1
DA:2,1
DA:3,1
DA:6,1
DA:8,1
DA:10,1
DA:17,1
DA:19,1
DA:25,1
DA:27,1
DA:33,1
DA:35,1
DA:41,1
DA:42,1
DA:44,1
DA:50,1
DA:51,1
DA:53,1
LF:19
LH:19
BRDA:0,1,0,1
BRDA:0,1,1,0
BRDA:0,2,0,1
BRDA:0,2,1,1
BRF:4
BRH:4
end_of_record
TN:
SF:C:\Users\justaway\Desktop\hw4_1\frontend\src\components\main\follower.js
FN:0,_interopRequireDefault
FN:7,Follower
FN:14,onClick
FNF:3
FNH:1
FNDA:1,_interopRequireDefault
FNDA:0,Follower
FNDA:0,onClick
DA:0,1
DA:1,1
DA:2,1
DA:4,1
DA:7,1
DA:8,0
DA:14,0
DA:21,1
LF:8
LH:6
BRDA:0,1,0,0
BRDA:0,1,1,1
BRDA:0,2,0,1
BRDA:0,2,1,1
BRF:4
BRH:4
end_of_record
TN:
SF:C:\Users\justaway\Desktop\hw4_1\frontend\src\components\main\headline.spec.js
FN:0,_interopRequireDefault
FN:10,(anonymous_2)
FN:13,(anonymous_3)
FN:24,(anonymous_4)
FN:32,(anonymous_5)
FN:42,(anonymous_6)
FN:42,(anonymous_7)
FNF:7
FNH:5
FNDA:1,_interopRequireDefault
FNDA:1,(anonymous_2)
FNDA:1,(anonymous_3)
FNDA:1,(anonymous_4)
FNDA:1,(anonymous_5)
FNDA:0,(anonymous_6)
FNDA:0,(anonymous_7)
DA:0,1
DA:1,1
DA:2,1
DA:3,1
DA:4,1
DA:8,1
DA:10,1
DA:13,1
DA:14,1
DA:15,0
DA:16,0
DA:17,0
DA:19,1
DA:20,1
DA:21,1
DA:24,1
DA:25,1
DA:26,0
DA:27,0
DA:32,1
DA:34,1
DA:35,1
DA:41,1
DA:42,0
DA:43,0
LF:25
LH:18
BRDA:0,1,0,0
BRDA:0,1,1,1
BRDA:0,2,0,1
BRDA:0,2,1,1
BRDA:14,3,0,0
BRDA:14,3,1,1
BRDA:25,4,0,0
BRDA:25,4,1,1
BRF:8
BRH:6
end_of_record
TN:
SF:C:\Users\justaway\Desktop\hw4_1\frontend\src\components\main\mainReducer.js
FN:0,(anonymous_1)
FN:19,followers
FN:29,articles
FN:38,headlines
FNF:4
FNH:4
FNDA:0,(anonymous_1)
FNDA:6,followers
FNDA:6,articles
FNDA:6,headlines
DA:0,1
DA:1,1
DA:3,1
DA:7,1
DA:13,1
DA:19,6
DA:20,6
DA:22,0
DA:24,6
DA:29,6
DA:30,6
DA:32,0
DA:34,6
DA:38,6
DA:39,6
DA:41,1
DA:43,0
DA:46,5
DA:50,1
DA:54,1
LF:20
LH:17
BRDA:0,1,0,1
BRDA:0,1,1,0
BRDA:0,2,0,0
BRDA:0,2,1,0
BRDA:19,3,0,0
BRDA:19,3,1,6
BRDA:19,4,0,6
BRDA:19,4,1,6
BRDA:21,5,0,0
BRDA:21,5,1,6
BRDA:29,6,0,0
BRDA:29,6,1,6
BRDA:29,7,0,6
BRDA:29,7,1,6
BRDA:31,8,0,0
BRDA:31,8,1,6
BRDA:38,9,0,0
BRDA:38,9,1,6
BRDA:38,10,0,6
BRDA:38,10,1,6
BRDA:40,11,0,1
BRDA:40,11,1,0
BRDA:40,11,2,5
BRF:23
BRH:17
end_of_record
TN:
SF:C:\Users\justaway\Desktop\hw4_1\frontend\src\components\main\mainReducer.spec.js
FN:0,_interopRequireDefault
FN:21,(anonymous_2)
FN:22,(anonymous_3)
FN:34,(anonymous_4)
FNF:4
FNH:4
FNDA:2,_interopRequireDefault
FNDA:1,(anonymous_2)
FNDA:1,(anonymous_3)
FNDA:1,(anonymous_4)
DA:0,2
DA:1,1
DA:2,1
DA:3,1
DA:4,1
DA:5,1
DA:7,1
DA:11,1
DA:17,1
DA:21,1
DA:22,1
DA:24,1
DA:34,1
DA:35,1
DA:37,1
LF:15
LH:15
BRDA:0,1,0,1
BRDA:0,1,1,1
BRDA:0,2,0,2
BRDA:0,2,1,2
BRF:4
BRH:4
end_of_record
TN:
SF:C:\Users\justaway\Desktop\hw4_1\frontend\src\components\profile\profileActions.spec.js
FN:0,_interopRequireDefault
FN:9,(anonymous_2)
FN:12,(anonymous_3)
FN:23,(anonymous_4)
FN:30,(anonymous_5)
FN:40,(anonymous_6)
FN:40,(anonymous_7)
FN:48,(anonymous_8)
FN:58,(anonymous_9)
FN:58,(anonymous_10)
FNF:10
FNH:6
FNDA:1,_interopRequireDefault
FNDA:1,(anonymous_2)
FNDA:2,(anonymous_3)
FNDA:2,(anonymous_4)
FNDA:1,(anonymous_5)
FNDA:0,(anonymous_6)
FNDA:0,(anonymous_7)
FNDA:1,(anonymous_8)
FNDA:0,(anonymous_9)
FNDA:0,(anonymous_10)
DA:0,1
DA:1,1
DA:2,1
DA:3,1
DA:4,1
DA:7,1
DA:9,1
DA:12,1
DA:13,2
DA:14,0
DA:15,0
DA:16,0
DA:18,2
DA:19,2
DA:20,2
DA:23,1
DA:24,2
DA:25,0
DA:26,0
DA:30,1
DA:32,1
DA:33,1
DA:39,1
DA:40,0
DA:41,0
DA:48,1
DA:50,1
DA:51,1
DA:57,1
DA:58,0
DA:59,0
LF:31
LH:22
BRDA:0,1,0,0
BRDA:0,1,1,1
BRDA:0,2,0,1
BRDA:0,2,1,1
BRDA:13,3,0,0
BRDA:13,3,1,2
BRDA:24,4,0,0
BRDA:24,4,1,2
BRF:8
BRH:6
end_of_record
TN:
SF:C:\Users\justaway\Desktop\hw4_1\frontend\src\components\profile\profileReducer.js
FN:0,(anonymous_1)
FN:0,_interopRequireDefault
FN:14,profileReducer
FNF:3
FNH:3
FNDA:0,(anonymous_1)
FNDA:1,_interopRequireDefault
FNDA:3,profileReducer
DA:0,1
DA:1,1
DA:3,1
DA:14,3
DA:16,3
DA:17,3
DA:19,0
DA:22,0
DA:25,0
DA:28,0
DA:31,0
DA:34,0
DA:38,0
DA:42,0
DA:46,0
DA:50,0
DA:53,0
DA:56,3
DA:60,1
LF:19
LH:8
BRDA:0,1,0,1
BRDA:0,1,1,0
BRDA:0,2,0,0
BRDA:0,2,1,0
BRDA:0,3,0,1
BRDA:0,3,1,0
BRDA:0,4,0,1
BRDA:0,4,1,1
BRDA:14,5,0,0
BRDA:14,5,1,3
BRDA:14,6,0,3
BRDA:14,6,1,3
BRDA:18,7,0,0
BRDA:18,7,1,0
BRDA:18,7,2,0
BRDA:18,7,3,0
BRDA:18,7,4,0
BRDA:18,7,5,0
BRDA:18,7,6,0
BRDA:18,7,7,0
BRDA:18,7,8,0
BRDA:18,7,9,0
BRDA:18,7,10,0
BRDA:18,7,11,3
BRF:24
BRH:12
end_of_record
TN:
SF:C:\Users\justaway\Desktop\hw4_1\frontend\src\components\profile\profileReducer.spec.js
FN:0,_interopRequireDefault
FN:17,(anonymous_2)
FN:18,(anonymous_3)
FNF:3
FNH:3
FNDA:2,_interopRequireDefault
FNDA:1,(anonymous_2)
FNDA:1,(anonymous_3)
DA:0,2
DA:1,1
DA:2,1
DA:3,1
DA:4,1
DA:5,1
DA:7,1
DA:17,1
DA:18,1
DA:20,1
LF:10
LH:10
BRDA:0,1,0,1
BRDA:0,1,1,1
BRDA:0,2,0,2
BRDA:0,2,1,2
BRF:4
BRH:4
end_of_record
TN:
SF:C:\Users\justaway\Desktop\hw4_1\frontend\src\reducers.js
FN:0,_interopRequireDefault
FNF:1
FNH:1
FNDA:4,_interopRequireDefault
DA:0,4
DA:1,1
DA:2,1
DA:3,1
DA:4,1
DA:5,1
DA:8,1
DA:15,1
LF:8
LH:8
BRDA:0,1,0,4
BRDA:0,1,1,0
BRDA:0,2,0,4
BRDA:0,2,1,4
BRF:4
BRH:4
end_of_record
